  main.cpp
C:\Users\nengf\Downloads\GPRobot\GPRobot\main.cpp(142,23): warning C4305: 'initializing': truncation from 'double' to 'float'
C:\Users\nengf\Downloads\GPRobot\GPRobot\main.cpp(149,24): warning C4305: 'initializing': truncation from 'double' to 'float'
C:\Users\nengf\Downloads\GPRobot\GPRobot\main.cpp(283,9): warning C4244: '=': conversion from 'double' to 'float', possible loss of data
C:\Users\nengf\Downloads\GPRobot\GPRobot\main.cpp(339,32): warning C4305: '+=': truncation from 'double' to 'float'
C:\Users\nengf\Downloads\GPRobot\GPRobot\main.cpp(346,32): warning C4305: '-=': truncation from 'double' to 'float'
C:\Users\nengf\Downloads\GPRobot\GPRobot\main.cpp(354,31): warning C4305: '+=': truncation from 'double' to 'float'
C:\Users\nengf\Downloads\GPRobot\GPRobot\main.cpp(361,31): warning C4305: '-=': truncation from 'double' to 'float'
C:\Users\nengf\Downloads\GPRobot\GPRobot\main.cpp(544,63): warning C4305: '+=': truncation from 'double' to 'float'
C:\Users\nengf\Downloads\GPRobot\GPRobot\main.cpp(555,63): warning C4305: '+=': truncation from 'double' to 'float'
C:\Users\nengf\Downloads\GPRobot\GPRobot\main.cpp(1332,25): warning C4305: 'argument': truncation from 'double' to 'GLfloat'
C:\Users\nengf\Downloads\GPRobot\GPRobot\main.cpp(1347,25): warning C4305: 'argument': truncation from 'double' to 'GLfloat'
C:\Users\nengf\Downloads\GPRobot\GPRobot\main.cpp(1353,28): warning C4305: 'argument': truncation from 'double' to 'GLfloat'
C:\Users\nengf\Downloads\GPRobot\GPRobot\main.cpp(1359,27): warning C4305: 'argument': truncation from 'double' to 'GLfloat'
C:\Users\nengf\Downloads\GPRobot\GPRobot\main.cpp(1365,25): warning C4305: 'argument': truncation from 'double' to 'GLfloat'
C:\Users\nengf\Downloads\GPRobot\GPRobot\main.cpp(1371,29): warning C4305: 'argument': truncation from 'double' to 'GLfloat'
C:\Users\nengf\Downloads\GPRobot\GPRobot\main.cpp(1394,16): warning C4244: 'argument': conversion from 'double' to 'float', possible loss of data
C:\Users\nengf\Downloads\GPRobot\GPRobot\main.cpp(1402,21): warning C4244: 'argument': conversion from 'double' to 'float', possible loss of data
C:\Users\nengf\Downloads\GPRobot\GPRobot\main.cpp(1410,26): warning C4244: 'argument': conversion from 'double' to 'float', possible loss of data
C:\Users\nengf\Downloads\GPRobot\GPRobot\main.cpp(1431,26): warning C4305: 'argument': truncation from 'double' to 'GLfloat'
C:\Users\nengf\Downloads\GPRobot\GPRobot\main.cpp(1439,31): warning C4305: 'argument': truncation from 'double' to 'GLfloat'
C:\Users\nengf\Downloads\GPRobot\GPRobot\main.cpp(1440,25): warning C4305: 'argument': truncation from 'double' to 'GLfloat'
C:\Users\nengf\Downloads\GPRobot\GPRobot\main.cpp(1446,28): warning C4305: 'argument': truncation from 'double' to 'float'
C:\Users\nengf\Downloads\GPRobot\GPRobot\main.cpp(1454,19): warning C4305: 'argument': truncation from 'double' to 'float'
C:\Users\nengf\Downloads\GPRobot\GPRobot\main.cpp(1463,31): warning C4305: 'argument': truncation from 'double' to 'GLfloat'
C:\Users\nengf\Downloads\GPRobot\GPRobot\main.cpp(1473,31): warning C4305: 'argument': truncation from 'double' to 'GLfloat'
C:\Users\nengf\Downloads\GPRobot\GPRobot\main.cpp(1484,31): warning C4305: 'argument': truncation from 'double' to 'GLfloat'
C:\Users\nengf\Downloads\GPRobot\GPRobot\main.cpp(1486,30): warning C4305: 'argument': truncation from 'double' to 'GLfloat'
C:\Users\nengf\Downloads\GPRobot\GPRobot\main.cpp(1487,33): warning C4305: 'argument': truncation from 'double' to 'float'
C:\Users\nengf\Downloads\GPRobot\GPRobot\main.cpp(1495,30): warning C4305: 'argument': truncation from 'double' to 'GLfloat'
C:\Users\nengf\Downloads\GPRobot\GPRobot\main.cpp(1496,29): warning C4305: 'argument': truncation from 'double' to 'GLfloat'
C:\Users\nengf\Downloads\GPRobot\GPRobot\main.cpp(1498,30): warning C4305: 'argument': truncation from 'double' to 'GLfloat'
C:\Users\nengf\Downloads\GPRobot\GPRobot\main.cpp(1500,38): warning C4305: 'argument': truncation from 'double' to 'float'
C:\Users\nengf\Downloads\GPRobot\GPRobot\main.cpp(1508,30): warning C4305: 'argument': truncation from 'double' to 'GLfloat'
C:\Users\nengf\Downloads\GPRobot\GPRobot\main.cpp(1510,31): warning C4305: 'argument': truncation from 'double' to 'GLfloat'
C:\Users\nengf\Downloads\GPRobot\GPRobot\main.cpp(1511,33): warning C4305: 'argument': truncation from 'double' to 'float'
C:\Users\nengf\Downloads\GPRobot\GPRobot\main.cpp(1518,31): warning C4305: 'argument': truncation from 'double' to 'GLfloat'
C:\Users\nengf\Downloads\GPRobot\GPRobot\main.cpp(1519,29): warning C4305: 'argument': truncation from 'double' to 'GLfloat'
C:\Users\nengf\Downloads\GPRobot\GPRobot\main.cpp(1521,30): warning C4305: 'argument': truncation from 'double' to 'GLfloat'
C:\Users\nengf\Downloads\GPRobot\GPRobot\main.cpp(1523,38): warning C4305: 'argument': truncation from 'double' to 'float'
C:\Users\nengf\Downloads\GPRobot\GPRobot\main.cpp(1534,41): warning C4305: 'argument': truncation from 'double' to 'float'
C:\Users\nengf\Downloads\GPRobot\GPRobot\main.cpp(1542,29): warning C4305: 'argument': truncation from 'double' to 'GLfloat'
C:\Users\nengf\Downloads\GPRobot\GPRobot\main.cpp(1546,42): warning C4305: 'argument': truncation from 'double' to 'float'
C:\Users\nengf\Downloads\GPRobot\GPRobot\main.cpp(1553,27): warning C4305: 'argument': truncation from 'double' to 'GLfloat'
C:\Users\nengf\Downloads\GPRobot\GPRobot\main.cpp(1555,29): warning C4305: 'argument': truncation from 'double' to 'GLfloat'
C:\Users\nengf\Downloads\GPRobot\GPRobot\main.cpp(1556,31): warning C4305: 'argument': truncation from 'double' to 'GLfloat'
C:\Users\nengf\Downloads\GPRobot\GPRobot\main.cpp(1557,30): warning C4305: 'argument': truncation from 'double' to 'GLfloat'
C:\Users\nengf\Downloads\GPRobot\GPRobot\main.cpp(1558,28): warning C4305: 'argument': truncation from 'double' to 'float'
C:\Users\nengf\Downloads\GPRobot\GPRobot\main.cpp(1566,49): warning C4305: 'argument': truncation from 'double' to 'float'
C:\Users\nengf\Downloads\GPRobot\GPRobot\main.cpp(1575,49): warning C4305: 'argument': truncation from 'double' to 'float'
C:\Users\nengf\Downloads\GPRobot\GPRobot\main.cpp(1584,52): warning C4305: 'argument': truncation from 'double' to 'float'
C:\Users\nengf\Downloads\GPRobot\GPRobot\main.cpp(1593,54): warning C4305: 'argument': truncation from 'double' to 'float'
C:\Users\nengf\Downloads\GPRobot\GPRobot\main.cpp(1601,55): warning C4305: 'argument': truncation from 'double' to 'float'
C:\Users\nengf\Downloads\GPRobot\GPRobot\main.cpp(1626,54): warning C4305: 'argument': truncation from 'double' to 'float'
C:\Users\nengf\Downloads\GPRobot\GPRobot\main.cpp(1634,54): warning C4305: 'argument': truncation from 'double' to 'float'
C:\Users\nengf\Downloads\GPRobot\GPRobot\main.cpp(1661,29): warning C4305: 'argument': truncation from 'double' to 'GLfloat'
C:\Users\nengf\Downloads\GPRobot\GPRobot\main.cpp(1662,29): warning C4305: 'argument': truncation from 'double' to 'GLfloat'
C:\Users\nengf\Downloads\GPRobot\GPRobot\main.cpp(1664,30): warning C4305: 'argument': truncation from 'double' to 'GLfloat'
C:\Users\nengf\Downloads\GPRobot\GPRobot\main.cpp(1665,29): warning C4305: 'argument': truncation from 'double' to 'GLfloat'
C:\Users\nengf\Downloads\GPRobot\GPRobot\main.cpp(1666,38): warning C4305: 'argument': truncation from 'double' to 'float'
C:\Users\nengf\Downloads\GPRobot\GPRobot\main.cpp(1674,29): warning C4305: 'argument': truncation from 'double' to 'GLfloat'
C:\Users\nengf\Downloads\GPRobot\GPRobot\main.cpp(1675,29): warning C4305: 'argument': truncation from 'double' to 'GLfloat'
C:\Users\nengf\Downloads\GPRobot\GPRobot\main.cpp(1678,29): warning C4305: 'argument': truncation from 'double' to 'GLfloat'
C:\Users\nengf\Downloads\GPRobot\GPRobot\main.cpp(1679,29): warning C4305: 'argument': truncation from 'double' to 'GLfloat'
C:\Users\nengf\Downloads\GPRobot\GPRobot\main.cpp(1680,38): warning C4305: 'argument': truncation from 'double' to 'float'
C:\Users\nengf\Downloads\GPRobot\GPRobot\main.cpp(1689,31): warning C4305: 'argument': truncation from 'double' to 'GLfloat'
C:\Users\nengf\Downloads\GPRobot\GPRobot\main.cpp(1719,53): warning C4305: 'argument': truncation from 'double' to 'float'
C:\Users\nengf\Downloads\GPRobot\GPRobot\main.cpp(1727,58): warning C4305: 'argument': truncation from 'double' to 'float'
C:\Users\nengf\Downloads\GPRobot\GPRobot\main.cpp(1738,27): warning C4305: 'argument': truncation from 'double' to 'GLfloat'
C:\Users\nengf\Downloads\GPRobot\GPRobot\main.cpp(1739,30): warning C4305: 'argument': truncation from 'double' to 'float'
C:\Users\nengf\Downloads\GPRobot\GPRobot\main.cpp(1746,53): warning C4305: 'argument': truncation from 'double' to 'float'
C:\Users\nengf\Downloads\GPRobot\GPRobot\main.cpp(1756,27): warning C4305: 'argument': truncation from 'double' to 'GLfloat'
C:\Users\nengf\Downloads\GPRobot\GPRobot\main.cpp(1757,30): warning C4305: 'argument': truncation from 'double' to 'float'
C:\Users\nengf\Downloads\GPRobot\GPRobot\main.cpp(1764,54): warning C4305: 'argument': truncation from 'double' to 'float'
C:\Users\nengf\Downloads\GPRobot\GPRobot\main.cpp(1773,53): warning C4305: 'argument': truncation from 'double' to 'float'
C:\Users\nengf\Downloads\GPRobot\GPRobot\main.cpp(1782,30): warning C4305: 'argument': truncation from 'double' to 'GLfloat'
C:\Users\nengf\Downloads\GPRobot\GPRobot\main.cpp(1783,31): warning C4305: 'argument': truncation from 'double' to 'float'
C:\Users\nengf\Downloads\GPRobot\GPRobot\main.cpp(1791,54): warning C4305: 'argument': truncation from 'double' to 'float'
C:\Users\nengf\Downloads\GPRobot\GPRobot\main.cpp(1799,54): warning C4305: 'argument': truncation from 'double' to 'float'
C:\Users\nengf\Downloads\GPRobot\GPRobot\main.cpp(1808,30): warning C4305: 'argument': truncation from 'double' to 'GLfloat'
C:\Users\nengf\Downloads\GPRobot\GPRobot\main.cpp(1809,31): warning C4305: 'argument': truncation from 'double' to 'float'
C:\Users\nengf\Downloads\GPRobot\GPRobot\main.cpp(1819,33): warning C4305: 'argument': truncation from 'double' to 'GLfloat'
C:\Users\nengf\Downloads\GPRobot\GPRobot\main.cpp(1821,29): warning C4305: 'argument': truncation from 'double' to 'GLfloat'
C:\Users\nengf\Downloads\GPRobot\GPRobot\main.cpp(1822,31): warning C4305: 'argument': truncation from 'double' to 'float'
C:\Users\nengf\Downloads\GPRobot\GPRobot\main.cpp(1830,33): warning C4305: 'argument': truncation from 'double' to 'GLfloat'
C:\Users\nengf\Downloads\GPRobot\GPRobot\main.cpp(1832,28): warning C4305: 'argument': truncation from 'double' to 'GLfloat'
C:\Users\nengf\Downloads\GPRobot\GPRobot\main.cpp(1833,30): warning C4305: 'argument': truncation from 'double' to 'float'
C:\Users\nengf\Downloads\GPRobot\GPRobot\main.cpp(1841,51): warning C4305: 'argument': truncation from 'double' to 'float'
C:\Users\nengf\Downloads\GPRobot\GPRobot\main.cpp(1849,53): warning C4305: 'argument': truncation from 'double' to 'float'
C:\Users\nengf\Downloads\GPRobot\GPRobot\main.cpp(1858,53): warning C4305: 'argument': truncation from 'double' to 'float'
C:\Users\nengf\Downloads\GPRobot\GPRobot\main.cpp(1867,53): warning C4305: 'argument': truncation from 'double' to 'float'
C:\Users\nengf\Downloads\GPRobot\GPRobot\main.cpp(1876,53): warning C4305: 'argument': truncation from 'double' to 'float'
C:\Users\nengf\Downloads\GPRobot\GPRobot\main.cpp(1883,25): warning C4305: 'argument': truncation from 'double' to 'GLfloat'
C:\Users\nengf\Downloads\GPRobot\GPRobot\main.cpp(1885,53): warning C4305: 'argument': truncation from 'double' to 'float'
C:\Users\nengf\Downloads\GPRobot\GPRobot\main.cpp(1892,25): warning C4305: 'argument': truncation from 'double' to 'GLfloat'
C:\Users\nengf\Downloads\GPRobot\GPRobot\main.cpp(1894,27): warning C4305: 'argument': truncation from 'double' to 'GLfloat'
C:\Users\nengf\Downloads\GPRobot\GPRobot\main.cpp(1904,28): warning C4305: 'argument': truncation from 'double' to 'GLfloat'
C:\Users\nengf\Downloads\GPRobot\GPRobot\main.cpp(1908,31): warning C4305: 'argument': truncation from 'double' to 'float'
C:\Users\nengf\Downloads\GPRobot\GPRobot\main.cpp(1916,29): warning C4305: 'argument': truncation from 'double' to 'GLfloat'
C:\Users\nengf\Downloads\GPRobot\GPRobot\main.cpp(1920,32): warning C4305: 'argument': truncation from 'double' to 'float'
C:\Users\nengf\Downloads\GPRobot\GPRobot\main.cpp(1938,29): warning C4305: 'argument': truncation from 'double' to 'GLfloat'
C:\Users\nengf\Downloads\GPRobot\GPRobot\main.cpp(1952,26): warning C4305: 'argument': truncation from 'double' to 'GLfloat'
C:\Users\nengf\Downloads\GPRobot\GPRobot\main.cpp(1953,31): warning C4305: 'argument': truncation from 'double' to 'float'
C:\Users\nengf\Downloads\GPRobot\GPRobot\main.cpp(1963,26): warning C4305: 'argument': truncation from 'double' to 'GLfloat'
C:\Users\nengf\Downloads\GPRobot\GPRobot\main.cpp(1964,34): warning C4305: 'argument': truncation from 'double' to 'float'
C:\Users\nengf\Downloads\GPRobot\GPRobot\main.cpp(1977,52): warning C4305: 'argument': truncation from 'double' to 'float'
C:\Users\nengf\Downloads\GPRobot\GPRobot\main.cpp(1985,53): warning C4305: 'argument': truncation from 'double' to 'float'
C:\Users\nengf\Downloads\GPRobot\GPRobot\main.cpp(1993,53): warning C4305: 'argument': truncation from 'double' to 'float'
C:\Users\nengf\Downloads\GPRobot\GPRobot\main.cpp(2001,30): warning C4305: 'argument': truncation from 'double' to 'GLfloat'
C:\Users\nengf\Downloads\GPRobot\GPRobot\main.cpp(2003,31): warning C4305: 'argument': truncation from 'double' to 'float'
C:\Users\nengf\Downloads\GPRobot\GPRobot\main.cpp(2011,33): warning C4305: 'argument': truncation from 'double' to 'GLfloat'
C:\Users\nengf\Downloads\GPRobot\GPRobot\main.cpp(2013,31): warning C4305: 'argument': truncation from 'double' to 'float'
C:\Users\nengf\Downloads\GPRobot\GPRobot\main.cpp(2021,32): warning C4305: 'argument': truncation from 'double' to 'GLfloat'
C:\Users\nengf\Downloads\GPRobot\GPRobot\main.cpp(2023,31): warning C4305: 'argument': truncation from 'double' to 'float'
C:\Users\nengf\Downloads\GPRobot\GPRobot\main.cpp(2031,30): warning C4305: 'argument': truncation from 'double' to 'GLfloat'
C:\Users\nengf\Downloads\GPRobot\GPRobot\main.cpp(2033,31): warning C4305: 'argument': truncation from 'double' to 'float'
C:\Users\nengf\Downloads\GPRobot\GPRobot\main.cpp(2041,29): warning C4305: 'argument': truncation from 'double' to 'GLfloat'
C:\Users\nengf\Downloads\GPRobot\GPRobot\main.cpp(2063,25): warning C4305: 'argument': truncation from 'double' to 'GLfloat'
C:\Users\nengf\Downloads\GPRobot\GPRobot\main.cpp(2068,28): warning C4305: 'argument': truncation from 'double' to 'GLfloat'
C:\Users\nengf\Downloads\GPRobot\GPRobot\main.cpp(2082,27): warning C4305: 'argument': truncation from 'double' to 'GLfloat'
C:\Users\nengf\Downloads\GPRobot\GPRobot\main.cpp(2083,31): warning C4305: 'argument': truncation from 'double' to 'float'
C:\Users\nengf\Downloads\GPRobot\GPRobot\main.cpp(2093,27): warning C4305: 'argument': truncation from 'double' to 'GLfloat'
C:\Users\nengf\Downloads\GPRobot\GPRobot\main.cpp(2094,34): warning C4305: 'argument': truncation from 'double' to 'float'
C:\Users\nengf\Downloads\GPRobot\GPRobot\main.cpp(2108,53): warning C4305: 'argument': truncation from 'double' to 'float'
C:\Users\nengf\Downloads\GPRobot\GPRobot\main.cpp(2116,54): warning C4305: 'argument': truncation from 'double' to 'float'
C:\Users\nengf\Downloads\GPRobot\GPRobot\main.cpp(2124,54): warning C4305: 'argument': truncation from 'double' to 'float'
C:\Users\nengf\Downloads\GPRobot\GPRobot\main.cpp(2131,31): warning C4305: 'argument': truncation from 'double' to 'GLfloat'
C:\Users\nengf\Downloads\GPRobot\GPRobot\main.cpp(2133,31): warning C4305: 'argument': truncation from 'double' to 'float'
C:\Users\nengf\Downloads\GPRobot\GPRobot\main.cpp(2140,34): warning C4305: 'argument': truncation from 'double' to 'GLfloat'
C:\Users\nengf\Downloads\GPRobot\GPRobot\main.cpp(2142,31): warning C4305: 'argument': truncation from 'double' to 'float'
C:\Users\nengf\Downloads\GPRobot\GPRobot\main.cpp(2149,33): warning C4305: 'argument': truncation from 'double' to 'GLfloat'
C:\Users\nengf\Downloads\GPRobot\GPRobot\main.cpp(2151,31): warning C4305: 'argument': truncation from 'double' to 'float'
C:\Users\nengf\Downloads\GPRobot\GPRobot\main.cpp(2158,31): warning C4305: 'argument': truncation from 'double' to 'GLfloat'
C:\Users\nengf\Downloads\GPRobot\GPRobot\main.cpp(2160,31): warning C4305: 'argument': truncation from 'double' to 'float'
C:\Users\nengf\Downloads\GPRobot\GPRobot\main.cpp(2168,30): warning C4305: 'argument': truncation from 'double' to 'GLfloat'
C:\Users\nengf\Downloads\GPRobot\GPRobot\main.cpp(2198,54): warning C4305: 'argument': truncation from 'double' to 'float'
C:\Users\nengf\Downloads\GPRobot\GPRobot\main.cpp(2206,30): warning C4305: 'argument': truncation from 'double' to 'GLfloat'
C:\Users\nengf\Downloads\GPRobot\GPRobot\main.cpp(2209,31): warning C4305: 'argument': truncation from 'double' to 'float'
C:\Users\nengf\Downloads\GPRobot\GPRobot\main.cpp(2216,29): warning C4305: 'argument': truncation from 'double' to 'GLfloat'
C:\Users\nengf\Downloads\GPRobot\GPRobot\main.cpp(2219,31): warning C4305: 'argument': truncation from 'double' to 'float'
C:\Users\nengf\Downloads\GPRobot\GPRobot\main.cpp(2227,54): warning C4305: 'argument': truncation from 'double' to 'float'
C:\Users\nengf\Downloads\GPRobot\GPRobot\main.cpp(2235,54): warning C4305: 'argument': truncation from 'double' to 'float'
C:\Users\nengf\Downloads\GPRobot\GPRobot\main.cpp(2243,30): warning C4305: 'argument': truncation from 'double' to 'GLfloat'
C:\Users\nengf\Downloads\GPRobot\GPRobot\main.cpp(2245,30): warning C4305: 'argument': truncation from 'double' to 'float'
C:\Users\nengf\Downloads\GPRobot\GPRobot\main.cpp(2253,54): warning C4305: 'argument': truncation from 'double' to 'float'
C:\Users\nengf\Downloads\GPRobot\GPRobot\main.cpp(2260,30): warning C4305: 'argument': truncation from 'double' to 'GLfloat'
C:\Users\nengf\Downloads\GPRobot\GPRobot\main.cpp(2261,29): warning C4305: 'argument': truncation from 'double' to 'float'
C:\Users\nengf\Downloads\GPRobot\GPRobot\main.cpp(2276,55): warning C4305: 'argument': truncation from 'double' to 'float'
C:\Users\nengf\Downloads\GPRobot\GPRobot\main.cpp(2284,31): warning C4305: 'argument': truncation from 'double' to 'GLfloat'
C:\Users\nengf\Downloads\GPRobot\GPRobot\main.cpp(2287,31): warning C4305: 'argument': truncation from 'double' to 'float'
C:\Users\nengf\Downloads\GPRobot\GPRobot\main.cpp(2294,30): warning C4305: 'argument': truncation from 'double' to 'GLfloat'
C:\Users\nengf\Downloads\GPRobot\GPRobot\main.cpp(2297,31): warning C4305: 'argument': truncation from 'double' to 'float'
C:\Users\nengf\Downloads\GPRobot\GPRobot\main.cpp(2305,55): warning C4305: 'argument': truncation from 'double' to 'float'
C:\Users\nengf\Downloads\GPRobot\GPRobot\main.cpp(2313,55): warning C4305: 'argument': truncation from 'double' to 'float'
C:\Users\nengf\Downloads\GPRobot\GPRobot\main.cpp(2321,31): warning C4305: 'argument': truncation from 'double' to 'GLfloat'
C:\Users\nengf\Downloads\GPRobot\GPRobot\main.cpp(2323,30): warning C4305: 'argument': truncation from 'double' to 'float'
C:\Users\nengf\Downloads\GPRobot\GPRobot\main.cpp(2331,55): warning C4305: 'argument': truncation from 'double' to 'float'
C:\Users\nengf\Downloads\GPRobot\GPRobot\main.cpp(2338,31): warning C4305: 'argument': truncation from 'double' to 'GLfloat'
C:\Users\nengf\Downloads\GPRobot\GPRobot\main.cpp(2339,29): warning C4305: 'argument': truncation from 'double' to 'float'
C:\Users\nengf\Downloads\GPRobot\GPRobot\main.cpp(2355,29): warning C4305: 'argument': truncation from 'double' to 'GLfloat'
C:\Users\nengf\Downloads\GPRobot\GPRobot\main.cpp(2358,24): warning C4305: 'argument': truncation from 'double' to 'GLfloat'
C:\Users\nengf\Downloads\GPRobot\GPRobot\main.cpp(2372,25): warning C4305: 'argument': truncation from 'double' to 'GLfloat'
C:\Users\nengf\Downloads\GPRobot\GPRobot\main.cpp(2400,26): warning C4305: 'argument': truncation from 'double' to 'GLfloat'
C:\Users\nengf\Downloads\GPRobot\GPRobot\main.cpp(2408,27): warning C4305: 'argument': truncation from 'double' to 'GLfloat'
C:\Users\nengf\Downloads\GPRobot\GPRobot\main.cpp(2416,27): warning C4305: 'argument': truncation from 'double' to 'GLfloat'
C:\Users\nengf\Downloads\GPRobot\GPRobot\main.cpp(2434,24): warning C4305: 'argument': truncation from 'double' to 'GLfloat'
C:\Users\nengf\Downloads\GPRobot\GPRobot\main.cpp(2447,26): warning C4305: 'argument': truncation from 'double' to 'GLfloat'
C:\Users\nengf\Downloads\GPRobot\GPRobot\main.cpp(2465,24): warning C4305: 'argument': truncation from 'double' to 'GLfloat'
C:\Users\nengf\Downloads\GPRobot\GPRobot\main.cpp(2483,24): warning C4305: 'argument': truncation from 'double' to 'GLfloat'
C:\Users\nengf\Downloads\GPRobot\GPRobot\main.cpp(2521,29): warning C4244: 'argument': conversion from 'double' to 'GLfloat', possible loss of data
C:\Users\nengf\Downloads\GPRobot\GPRobot\main.cpp(2521,21): warning C4244: 'argument': conversion from 'double' to 'GLfloat', possible loss of data
C:\Users\nengf\Downloads\GPRobot\GPRobot\main.cpp(2521,13): warning C4244: 'argument': conversion from 'double' to 'GLfloat', possible loss of data
C:\Users\nengf\Downloads\GPRobot\GPRobot\main.cpp(2524,28): warning C4244: 'argument': conversion from 'double' to 'GLfloat', possible loss of data
C:\Users\nengf\Downloads\GPRobot\GPRobot\main.cpp(2524,34): warning C4305: 'argument': truncation from 'double' to 'GLfloat'
C:\Users\nengf\Downloads\GPRobot\GPRobot\main.cpp(2531,29): warning C4244: 'argument': conversion from 'double' to 'GLfloat', possible loss of data
C:\Users\nengf\Downloads\GPRobot\GPRobot\main.cpp(2531,21): warning C4244: 'argument': conversion from 'double' to 'GLfloat', possible loss of data
C:\Users\nengf\Downloads\GPRobot\GPRobot\main.cpp(2531,13): warning C4244: 'argument': conversion from 'double' to 'GLfloat', possible loss of data
C:\Users\nengf\Downloads\GPRobot\GPRobot\main.cpp(2534,28): warning C4244: 'argument': conversion from 'double' to 'GLfloat', possible loss of data
C:\Users\nengf\Downloads\GPRobot\GPRobot\main.cpp(2534,35): warning C4305: 'argument': truncation from 'double' to 'GLfloat'
C:\Users\nengf\Downloads\GPRobot\GPRobot\main.cpp(2585,27): warning C4305: 'argument': truncation from 'double' to 'GLfloat'
C:\Users\nengf\Downloads\GPRobot\GPRobot\main.cpp(2590,27): warning C4305: 'argument': truncation from 'double' to 'GLfloat'
C:\Users\nengf\Downloads\GPRobot\GPRobot\main.cpp(2619,31): warning C4305: 'argument': truncation from 'double' to 'GLclampf'
C:\Users\nengf\Downloads\GPRobot\GPRobot\main.cpp(417): warning C4715: 'WindowProcedure': not all control paths return a value
  GPRobot.vcxproj -> C:\Users\nengf\Downloads\GPRobot\x64\Debug\GPRobot.exe
